[
  {
    "group": "Android",
    "test_results": [
      {
        "skipped": {},
        "all_passed": true,
        "environments": ["dev", "prod", "stage"],
        "classname": "tests.mobile.test_reviews.TestReviews",
        "failed": [],
        "passed": ["marketplace.dev.mobile.saucelabs", "marketplace.prod.mobile.saucelabs", "marketplace.stage.mobile.saucelabs"],
        "test_name": "test_that_after_viewing_reviews_clicking_back_goes_to_app_page"
      },
      {
        "skipped": {},
        "all_passed": true,
        "environments": ["dev", "prod", "stage"],
        "classname": "tests.mobile.test_search.TestSearch",
        "failed": [],
        "passed": ["marketplace.dev.mobile.saucelabs", "marketplace.prod.mobile.saucelabs", "marketplace.stage.mobile.saucelabs"],
        "test_name": "test_that_searching_with_empty_field_returns_results"
      },
      {
        "skipped": {},
        "all_passed": true,
        "environments": ["dev", "stage"],
        "classname": "tests.mobile.test_reviews.TestReviews",
        "failed": [],
        "passed": ["marketplace.dev.mobile.saucelabs", "marketplace.stage.mobile.saucelabs"],
        "test_name": "test_that_checks_the_addition_of_a_review"
      },
      {
        "skipped": {
          "jobs": ["marketplace.dev.mobile.saucelabs", "marketplace.prod.mobile.saucelabs", "marketplace.stage.mobile.saucelabs"],
          "result": "skipped",
          "detail": "xfail-marked test passes unexpectedly: None"
        },
        "all_passed": true,
        "environments": ["dev", "prod", "stage"],
        "classname": "tests.mobile.test_users_account.TestAccounts",
        "failed": [],
        "passed": [],
        "test_name": "test_user_can_go_back_from_settings_page"
      },
      {
        "skipped": {},
        "all_passed": true,
        "environments": ["dev", "prod", "stage"],
        "classname": "tests.mobile.test_home_page.TestHomepage",
        "failed": [],
        "passed": ["marketplace.dev.mobile.saucelabs", "marketplace.prod.mobile.saucelabs", "marketplace.stage.mobile.saucelabs"],
        "test_name": "test_that_verifies_categories_section"
      },
      {
        "skipped": {},
        "all_passed": true,
        "environments": ["dev", "prod", "stage"],
        "classname": "tests.mobile.test_search.TestSearch",
        "failed": [],
        "passed": ["marketplace.dev.mobile.saucelabs", "marketplace.prod.mobile.saucelabs", "marketplace.stage.mobile.saucelabs"],
        "test_name": "test_that_searching_returns_results"
      },
      {
        "skipped": {},
        "all_passed": true,
        "environments": ["dev", "prod", "stage"],
        "classname": "tests.mobile.test_details_page.TestDetails",
        "failed": [],
        "passed": ["marketplace.dev.mobile.saucelabs", "marketplace.prod.mobile.saucelabs", "marketplace.stage.mobile.saucelabs"],
        "test_name": "test_details_page_for_an_app"
      },
      {
        "skipped": {},
        "all_passed": true,
        "environments": ["dev", "prod", "stage"],
        "classname": "tests.mobile.test_users_account.TestAccounts",
        "failed": [],
        "passed": ["marketplace.dev.mobile.saucelabs", "marketplace.prod.mobile.saucelabs", "marketplace.stage.mobile.saucelabs"],
        "test_name": "test_user_can_login_and_logout"
      },
      {
        "skipped": {
          "jobs": ["marketplace.dev.mobile.saucelabs", "marketplace.stage.mobile.saucelabs"],
          "result": "skipped",
          "detail": "xfail-marked test passes unexpectedly: None"
        },
        "all_passed": true,
        "environments": ["dev", "stage"],
        "classname": "tests.mobile.test_reviews.TestReviews",
        "failed": [],
        "passed": [],
        "test_name": "test_that_after_writing_a_review_clicking_back_goes_to_app_page"
      },
      {
        "skipped": {},
        "all_passed": true,
        "environments": ["dev", "prod", "stage"],
        "classname": "tests.mobile.test_search.TestSearch",
        "failed": [],
        "passed": ["marketplace.dev.mobile.saucelabs", "marketplace.prod.mobile.saucelabs", "marketplace.stage.mobile.saucelabs"],
        "test_name": "test_searching_with_no_matching_results"
      },
      {
        "skipped": {},
        "all_passed": true,
        "environments": ["dev", "prod", "stage"],
        "classname": "tests.mobile.test_details_page.TestDetails",
        "failed": [],
        "passed": ["marketplace.dev.mobile.saucelabs", "marketplace.prod.mobile.saucelabs", "marketplace.stage.mobile.saucelabs"],
        "test_name": "test_reviews_section"
      },
      {
        "skipped": {
          "jobs": ["marketplace.dev.mobile.saucelabs", "marketplace.prod.mobile.saucelabs", "marketplace.stage.mobile.saucelabs"],
          "result": "skipped",
          "detail": "expected test failure: Search suggestions has not been implemented yet"
        },
        "all_passed": true,
        "environments": ["dev", "prod", "stage"],
        "classname": "tests.mobile.test_search.TestSearch",
        "failed": [],
        "passed": [],
        "test_name": "test_that_verifies_the_search_suggestions_list_under_the_search_field"
      }
    ]
  },
  {
    "group": "Firefox OS",
    "test_results": [
      {
        "skipped": {},
        "all_passed": true,
        "environments": ["unknown"],
        "classname": "test_marketplace_add_review.TestMarketplaceAddReview",
        "failed": [],
        "passed": ["b2g.hamachi.mozilla-aurora.marketplace"],
        "test_name": "test_add_review"
      },
      {
        "skipped": {},
        "all_passed": true,
        "environments": ["unknown"],
        "classname": "test_marketplace_feedback_login.TestMarketplaceFeedback",
        "failed": [],
        "passed": ["b2g.hamachi.mozilla-aurora.marketplace"],
        "test_name": "test_marketplace_feedback_user"
      },
      {
        "skipped": {},
        "all_passed": true,
        "environments": ["unknown"],
        "classname": "test_marketplace_search_and_install_app.TestSearchMarketplaceAndInstallApp",
        "failed": [],
        "passed": ["b2g.hamachi.mozilla-aurora.marketplace"],
        "test_name": "test_search_and_install_app"
      },
      {
        "skipped": {},
        "all_passed": true,
        "environments": ["unknown"],
        "classname": "test_marketplace_feedback_anonymous.TestMarketplaceFeedback",
        "failed": [],
        "passed": ["b2g.hamachi.mozilla-aurora.marketplace"],
        "test_name": "test_marketplace_feedback_anonymous"
      },
      {
        "skipped": {},
        "all_passed": true,
        "environments": ["unknown"],
        "classname": "test_marketplace_without_connectivity.TestMarketplaceWithoutConnectivity",
        "failed": [],
        "passed": ["b2g.hamachi.mozilla-aurora.marketplace"],
        "test_name": "test_marketplace_without_connectivity"
      },
      {
        "skipped": {},
        "all_passed": true,
        "environments": ["unknown"],
        "classname": "test_marketplace_login.TestMarketplaceLogin",
        "failed": [],
        "passed": ["b2g.hamachi.mozilla-aurora.marketplace"],
        "test_name": "test_login_marketplace"
      }
    ]
  },
  {
    "group": "Desktop",
    "test_results": [
      {
        "skipped": {},
        "all_passed": true,
        "environments": ["dev", "prod", "stage"],
        "classname": "tests.desktop.consumer_pages.test_details_page.TestDetailsPage",
        "failed": [],
        "passed": ["marketplace.dev.saucelabs", "marketplace.prod", "marketplace.stage.saucelabs", "marketplace.prod.saucelabs"],
        "test_name": "test_that_application_page_contains_proper_objects"
      },
      {
        "skipped": {},
        "all_passed": true,
        "environments": ["dev", "prod", "stage"],
        "classname": "tests.desktop.consumer_pages.test_search.TestSearching",
        "failed": [],
        "passed": ["marketplace.dev.saucelabs", "marketplace.prod", "marketplace.stage.saucelabs", "marketplace.prod.saucelabs"],
        "test_name": "test_that_the_search_tag_is_present_in_the_search_results"
      },
      {
        "skipped": {},
        "all_passed": true,
        "environments": ["stage", "dev"],
        "classname": "tests.desktop.developer_hub.test_developer_hub.TestDeveloperHub",
        "failed": [],
        "passed": ["marketplace.stage.developer_hub.saucelabs", "marketplace.dev.developer_hub", "marketplace.dev.developer_hub.saucelabs"],
        "test_name": "test_that_checks_apps_are_sorted_by_date"
      },
      {
        "skipped": {},
        "all_passed": true,
        "environments": ["dev", "prod", "stage"],
        "classname": "tests.desktop.consumer_pages.test_consumers_page.TestConsumerPage",
        "failed": [],
        "passed": ["marketplace.dev.saucelabs", "marketplace.prod", "marketplace.stage.saucelabs", "marketplace.prod.saucelabs"],
        "test_name": "test_that_clicking_on_featured_app_loads_details_page"
      },
      {
        "skipped": {},
        "all_passed": true,
        "environments": ["stage", "dev"],
        "classname": "tests.desktop.developer_hub.test_developer_hub.TestDeveloperHub",
        "failed": [],
        "passed": ["marketplace.stage.developer_hub.saucelabs", "marketplace.dev.developer_hub", "marketplace.dev.developer_hub.saucelabs"],
        "test_name": "test_that_checks_editing_basic_info_for_a_free_app"
      },
      {
        "skipped": {
          "jobs": ["marketplace.dev.saucelabs", "marketplace.stage.saucelabs"],
          "result": "skipped",
          "detail": "We currently don't have the option for changing the language in Fireplace: /Users/Shared/Jenkins/Home/jobs/marketplace.dev.saucelabs/workspace/tests/desktop/consumer_pages/test_users_account.py:74: Skipped: We currently don't have the option for changing the language in Fireplace"
        },
        "all_passed": true,
        "environments": ["dev", "stage"],
        "classname": "tests.desktop.consumer_pages.test_users_account.TestAccounts",
        "failed": [],
        "passed": [],
        "test_name": "test_that_checks_changing_language"
      },
      {
        "skipped": {
          "jobs": ["marketplace.stage.developer_hub.saucelabs", "marketplace.dev.developer_hub", "marketplace.dev.developer_hub.saucelabs"],
          "result": "skipped",
          "detail": "xfail-marked test passes unexpectedly: None"
        },
        "all_passed": true,
        "environments": ["stage", "dev"],
        "classname": "tests.desktop.developer_hub.test_developer_hub.TestDeveloperHub",
        "failed": [],
        "passed": [],
        "test_name": "test_hosted_app_submission"
      },
      {
        "skipped": {},
        "all_passed": true,
        "environments": ["dev", "stage"],
        "classname": "tests.desktop.consumer_pages.test_users_account.TestAccounts",
        "failed": [],
        "passed": ["marketplace.dev.saucelabs", "marketplace.stage.saucelabs"],
        "test_name": "test_editing_user_profile"
      },
      {
        "skipped": {},
        "all_passed": true,
        "environments": ["dev", "prod", "stage"],
        "classname": "tests.desktop.consumer_pages.test_users_account.TestAccounts",
        "failed": [],
        "passed": ["marketplace.dev.saucelabs", "marketplace.prod", "marketplace.stage.saucelabs", "marketplace.prod.saucelabs"],
        "test_name": "test_user_can_sign_in_and_sign_out_in_consumer_pages"
      },
      {
        "skipped": {},
        "all_passed": true,
        "environments": ["dev", "prod", "stage"],
        "classname": "tests.desktop.consumer_pages.test_consumers_page.TestConsumerPage",
        "failed": [],
        "passed": ["marketplace.dev.saucelabs", "marketplace.prod", "marketplace.stage.saucelabs", "marketplace.prod.saucelabs"],
        "test_name": "test_that_verifies_featured_application_section"
      },
      {
        "skipped": {},
        "all_passed": true,
        "environments": ["dev", "prod", "stage"],
        "classname": "tests.desktop.consumer_pages.test_consumers_page.TestConsumerPage",
        "failed": [],
        "passed": ["marketplace.dev.saucelabs", "marketplace.prod", "marketplace.stage.saucelabs", "marketplace.prod.saucelabs"],
        "test_name": "test_that_header_has_expected_items"
      },
      {
        "skipped": {},
        "all_passed": true,
        "environments": ["stage", "dev"],
        "classname": "tests.desktop.developer_hub.test_developer_hub.TestDeveloperHub",
        "failed": [],
        "passed": ["marketplace.stage.developer_hub.saucelabs", "marketplace.dev.developer_hub", "marketplace.dev.developer_hub.saucelabs"],
        "test_name": "test_that_checks_required_field_validations_on_basic_info_for_a_free_app"
      },
      {
        "skipped": {
          "jobs": ["marketplace.dev.saucelabs", "marketplace.stage.saucelabs"],
          "result": "skipped",
          "detail": "Purchase app option is currently not available for desktop environment: /Users/Shared/Jenkins/Home/jobs/marketplace.dev.saucelabs/workspace/.env/lib/python2.7/site-packages/_pytest/skipping.py:120: Skipped: Purchase app option is currently not available for desktop environment"
        },
        "all_passed": true,
        "environments": ["dev", "stage"],
        "classname": "tests.desktop.consumer_pages.test_purchase_app.TestPurchaseApp",
        "failed": [],
        "passed": [],
        "test_name": "test_that_purchases_an_app_without_pre_auth_and_requests_a_refund"
      },
      {
        "skipped": {},
        "all_passed": true,
        "environments": ["dev", "stage"],
        "classname": "tests.desktop.consumer_pages.test_reviews.TestReviews",
        "failed": [],
        "passed": ["marketplace.dev.saucelabs", "marketplace.stage.saucelabs"],
        "test_name": "test_that_checks_the_deletion_of_a_review"
      },
      {
        "skipped": {},
        "all_passed": true,
        "environments": ["dev", "prod", "stage"],
        "classname": "tests.desktop.consumer_pages.test_consumers_page.TestConsumerPage",
        "failed": [],
        "passed": ["marketplace.dev.saucelabs", "marketplace.prod", "marketplace.stage.saucelabs", "marketplace.prod.saucelabs"],
        "test_name": "test_opening_every_category_page_from_categories_section"
      },
      {
        "skipped": {},
        "all_passed": true,
        "environments": ["stage", "dev"],
        "classname": "tests.desktop.developer_hub.test_developer_hub.TestDeveloperHub",
        "failed": [],
        "passed": ["marketplace.stage.developer_hub.saucelabs", "marketplace.dev.developer_hub", "marketplace.dev.developer_hub.saucelabs"],
        "test_name": "test_that_checks_editing_support_information_for_a_free_app"
      },
      {
        "skipped": {
          "jobs": ["marketplace.stage.developer_hub.saucelabs", "marketplace.dev.developer_hub", "marketplace.dev.developer_hub.saucelabs"],
          "result": "skipped",
          "detail": "expected test failure: Bug 960169 - 403 response returned when trying to create an app via the\n            Marketplace API\n        "
        },
        "all_passed": true,
        "environments": ["stage", "dev"],
        "classname": "tests.desktop.developer_hub.test_api_submit.TestAPI",
        "failed": [],
        "passed": [],
        "test_name": "test_assert_that_a_app_can_be_added_by_api"
      },
      {
        "skipped": {},
        "all_passed": true,
        "environments": ["dev", "stage"],
        "classname": "tests.desktop.consumer_pages.test_reviews.TestReviews",
        "failed": [],
        "passed": ["marketplace.dev.saucelabs", "marketplace.stage.saucelabs"],
        "test_name": "test_that_checks_the_editing_of_a_review"
      },
      {
        "skipped": {},
        "all_passed": false,
        "environments": ["stage", "dev"],
        "classname": "tests.desktop.developer_hub.test_developer_hub.TestDeveloperHub",
        "failed": [
          {
            "jobs": ["marketplace.stage.developer_hub.saucelabs"],
            "result": "failure",
            "detail": "test failure: self = <tests.desktop.developer_hub.test_developer_hub.TestDeveloperHub\n            instance at 0x106885050>\n            mozwebqa = <pytest_mozwebqa.pytest_mozwebqa.TestSetup instance at 0x1068b7710>\n\n            def test_that_deletes_app(self, mozwebqa):\n\n            dev_home = Home(mozwebqa)\n            dev_home.go_to_developers_homepage()\n            dev_home.login(user=\"default\")\n\n            my_apps = dev_home.header.click_my_submissions()\n\n            first_free_app = my_apps.first_free_app\n            app_name = first_free_app.name\n\n            > self._delete_app(mozwebqa, app_name)\n\n            tests/desktop/developer_hub/test_developer_hub.py:233:\n            _ _ _ _ _ _ _ _ _ _ _ _ _ _ _ _ _ _ _ _ _ _ _ _ _ _ _ _ _ _ _ _ _ _ _ _ _ _ _ _\n\n            self = <tests.desktop.developer_hub.test_developer_hub.TestDeveloperHub instance at 0x106885050>\n            mozwebqa = <pytest_mozwebqa.pytest_mozwebqa.TestSetup instance at 0x1068b7710>\n            app_name = u'Clastsordbenver Yleri Omcunmane'\n\n            def _delete_app(self, mozwebqa, app_name):\n            from pages.desktop.developer_hub.developer_submissions import DeveloperSubmissions\n            submitted_apps = DeveloperSubmissions(mozwebqa)\n\n            app = submitted_apps.get_app(app_name)\n\n            > manage_status = app.click_manage_status_and_versions()\n\n            tests/desktop/base_test.py:78:\n            _ _ _ _ _ _ _ _ _ _ _ _ _ _ _ _ _ _ _ _ _ _ _ _ _ _ _ _ _ _ _ _ _ _ _ _ _ _ _ _\n\n            self = <pages.desktop.developer_hub.developer_submissions.App object at 0x106c9f5d0>\n\n            def click_manage_status_and_versions(self):\n            > self.find_element(*self._manage_status_and_version_locator).click()\n\n            pages/desktop/developer_hub/developer_submissions.py:159:\n            _ _ _ _ _ _ _ _ _ _ _ _ _ _ _ _ _ _ _ _ _ _ _ _ _ _ _ _ _ _ _ _ _ _ _ _ _ _ _ _\n\n            self = <pages.desktop.developer_hub.developer_submissions.App object at 0x106c9f5d0>\n            locator = ('css selector', 'a.status-link')\n\n            def find_element(self, *locator):\n            > return self._selenium_root.find_element(*locator)\n\n            pages/page.py:137:\n            _ _ _ _ _ _ _ _ _ _ _ _ _ _ _ _ _ _ _ _ _ _ _ _ _ _ _ _ _ _ _ _ _ _ _ _ _ _ _ _\n\n            self = <selenium.webdriver.remote.webelement.WebElement object at 0x106c9f250>\n            by = 'css selector', value = 'a.status-link'\n\n            def find_element(self, by=By.ID, value=None):\n            if not By.is_valid(by) or not isinstance(value, str):\n            raise InvalidSelectorException(\"Invalid locator values passed in\")\n\n            return self._execute(Command.FIND_CHILD_ELEMENT,\n            > {\"using\": by, \"value\": value})['value']\n\n            .env/lib/python2.7/site-packages/selenium/webdriver/remote/webelement.py:376:\n            _ _ _ _ _ _ _ _ _ _ _ _ _ _ _ _ _ _ _ _ _ _ _ _ _ _ _ _ _ _ _ _ _ _ _ _ _ _ _ _\n\n            self = <selenium.webdriver.remote.webelement.WebElement object at 0x106c9f250>\n            command = 'findChildElement'\n            params = {'id': u'13', 'sessionId': u'226dbb37808c4660a837485f3de51a46', 'using': 'css selector', 'value':\n            'a.status-link'}\n\n            def _execute(self, command, params=None):\n            \"\"\"Executes a command against the underlying HTML element.\n\n            Args:\n            command: The name of the command to _execute as a string.\n            params: A dictionary of named parameters to send with the command.\n\n            Returns:\n            The command's JSON response loaded into a dictionary object.\n            \"\"\"\n            if not params:\n            params = {}\n            params['id'] = self._id\n            > return self._parent.execute(command, params)\n\n            .env/lib/python2.7/site-packages/selenium/webdriver/remote/webelement.py:369:\n            _ _ _ _ _ _ _ _ _ _ _ _ _ _ _ _ _ _ _ _ _ _ _ _ _ _ _ _ _ _ _ _ _ _ _ _ _ _ _ _\n\n            self = <selenium.webdriver.remote.webdriver.WebDriver object at 0x106cb7110>\n            driver_command = 'findChildElement'\n            params = {'id': u'13', 'sessionId': u'226dbb37808c4660a837485f3de51a46', 'using': 'css selector', 'value':\n            'a.status-link'}\n\n            def execute(self, driver_command, params=None):\n            \"\"\"\n            Sends a command to be executed by a command.CommandExecutor.\n\n            :Args:\n            - driver_command: The name of the command to execute as a string.\n            - params: A dictionary of named parameters to send with the command.\n\n            :Returns:\n            The command's JSON response loaded into a dictionary object.\n            \"\"\"\n            if not params:\n            params = {'sessionId': self.session_id}\n            elif 'sessionId' not in params:\n            params['sessionId'] = self.session_id\n\n            params = self._wrap_value(params)\n            response = self.command_executor.execute(driver_command, params)\n            if response:\n            > self.error_handler.check_response(response)\n\n            .env/lib/python2.7/site-packages/selenium/webdriver/remote/webdriver.py:164:\n            _ _ _ _ _ _ _ _ _ _ _ _ _ _ _ _ _ _ _ _ _ _ _ _ _ _ _ _ _ _ _ _ _ _ _ _ _ _ _ _\n\n            self = <selenium.webdriver.remote.errorhandler.ErrorHandler object at 0x106880b10>\n            response = {u'class': u'org.openqa.selenium.remote.Response', u'hCode': 16658781, u'sessionId':\n            u'226dbb37808c4660a837485f3de51a46', u'state': u'no such element', ...}\n\n            def check_response(self, response):\n            \"\"\"\n            Checks that a JSON response from the WebDriver does not have an error.\n\n            :Args:\n            - response - The JSON response from the WebDriver server as a dictionary\n            object.\n\n            :Raises: If the response contains an error message.\n            \"\"\"\n            status = response['status']\n            if status == ErrorCode.SUCCESS:\n            return\n            exception_class = ErrorInResponseException\n            if status == ErrorCode.NO_SUCH_ELEMENT:\n            exception_class = NoSuchElementException\n            elif status == ErrorCode.NO_SUCH_FRAME:\n            exception_class = NoSuchFrameException\n            elif status == ErrorCode.NO_SUCH_WINDOW:\n            exception_class = NoSuchWindowException\n            elif status == ErrorCode.STALE_ELEMENT_REFERENCE:\n            exception_class = StaleElementReferenceException\n            elif status == ErrorCode.ELEMENT_NOT_VISIBLE:\n            exception_class = ElementNotVisibleException\n            elif status == ErrorCode.INVALID_ELEMENT_STATE:\n            exception_class = InvalidElementStateException\n            elif status == ErrorCode.INVALID_SELECTOR \\\n            or status == ErrorCode.INVALID_XPATH_SELECTOR \\\n            or status == ErrorCode.INVALID_XPATH_SELECTOR_RETURN_TYPER:\n            exception_class = InvalidSelectorException\n            elif status == ErrorCode.ELEMENT_IS_NOT_SELECTABLE:\n            exception_class = ElementNotSelectableException\n            elif status == ErrorCode.INVALID_COOKIE_DOMAIN:\n            exception_class = WebDriverException\n            elif status == ErrorCode.UNABLE_TO_SET_COOKIE:\n            exception_class = WebDriverException\n            elif status == ErrorCode.TIMEOUT:\n            exception_class = TimeoutException\n            elif status == ErrorCode.SCRIPT_TIMEOUT:\n            exception_class = TimeoutException\n            elif status == ErrorCode.UNKNOWN_ERROR:\n            exception_class = WebDriverException\n            elif status == ErrorCode.UNEXPECTED_ALERT_OPEN:\n            exception_class = UnexpectedAlertPresentException\n            elif status == ErrorCode.NO_ALERT_OPEN:\n            exception_class = NoAlertPresentException\n            elif status == ErrorCode.IME_NOT_AVAILABLE:\n            exception_class = ImeNotAvailableException\n            elif status == ErrorCode.IME_ENGINE_ACTIVATION_FAILED:\n            exception_class = ImeActivationFailedException\n            elif status == ErrorCode.MOVE_TARGET_OUT_OF_BOUNDS:\n            exception_class = MoveTargetOutOfBoundsException\n            else:\n            exception_class = WebDriverException\n            value = response['value']\n            if isinstance(value, basestring):\n            if exception_class == ErrorInResponseException:\n            raise exception_class(response, value)\n            raise exception_class(value)\n            message = ''\n            if 'message' in value:\n            message = value['message']\n\n            screen = None\n            if 'screen' in value:\n            screen = value['screen']\n\n            stacktrace = None\n            if 'stackTrace' in value and value['stackTrace']:\n            stacktrace = []\n            try:\n            for frame in value['stackTrace']:\n            line = self._value_or_default(frame, 'lineNumber', '')\n            file = self._value_or_default(frame, 'fileName', '<anonymous>')\n            if line:\n            file = \"%s:%s\" % (file, line)\n            meth = self._value_or_default(frame, 'methodName', '<anonymous>')\n            if 'className' in frame:\n            meth = \"%s.%s\" % (frame['className'], meth)\n            msg = \" at %s (%s)\"\n            msg = msg % (meth, file)\n            stacktrace.append(msg)\n            except TypeError:\n            pass\n            if exception_class == ErrorInResponseException:\n            raise exception_class(response, message)\n            > raise exception_class(message, screen, stacktrace)\n            E NoSuchElementException: Message: u'Unable to locate element: {\"method\":\"css\n            selector\",\"selector\":\"a.status-link\"}\\nCommand duration or timeout: 10.04 seconds\\nFor documentation on this\n            error, please visit: http://seleniumhq.org/exceptions/no_such_element.html\\nBuild info: version: \\'2.35.0\\',\n            revision: \\'c916b9d\\', time: \\'2013-08-12 15:42:01\\'\\nSystem info: os.name: \\'Windows Server 2008 R2\\',\n            os.arch: \\'x86\\', os.version: \\'6.1\\', java.version: \\'1.6.0_35\\'\\nSession ID:\n            bc722818-bfb6-4c6b-8201-fd0a97ba81ac\\nDriver info: org.openqa.selenium.firefox.FirefoxDriver\\nCapabilities\n            [{platform=XP, acceptSslCerts=true, javascriptEnabled=true, browserName=firefox, rotatable=false,\n            locationContextEnabled=true, version=23.0.1, cssSelectorsEnabled=true, databaseEnabled=true,\n            handlesAlerts=true, browserConnectionEnabled=true, nativeEvents=true, webStorageEnabled=true,\n            applicationCacheEnabled=true, takesScreenshot=true}]' ; Stacktrace:\n            E at sun.reflect.NativeConstructorAccessorImpl.newInstance0 (None:-2)\n            E at sun.reflect.NativeConstructorAccessorImpl.newInstance (None:-1)\n            E at sun.reflect.DelegatingConstructorAccessorImpl.newInstance (None:-1)\n            E at java.lang.reflect.Constructor.newInstance (None:-1)\n            E at org.openqa.selenium.remote.ErrorHandler.createThrowable (ErrorHandler.java:191)\n            E at org.openqa.selenium.remote.ErrorHandler.throwIfResponseFailed (ErrorHandler.java:145)\n            E at org.openqa.selenium.remote.RemoteWebDriver.execute (RemoteWebDriver.java:554)\n            E at org.openqa.selenium.remote.RemoteWebElement.execute (RemoteWebElement.java:268)\n            E at org.openqa.selenium.remote.RemoteWebElement.findElement (RemoteWebElement.java:171)\n            E at org.openqa.selenium.remote.RemoteWebElement.findElementByCssSelector (RemoteWebElement.java:236)\n            E at org.openqa.selenium.By$ByCssSelector.findElement (By.java:407)\n            E at org.openqa.selenium.remote.RemoteWebElement.findElement (RemoteWebElement.java:167)\n            E at sun.reflect.GeneratedMethodAccessor23.invoke (None:-1)\n            E at sun.reflect.DelegatingMethodAccessorImpl.invoke (None:-1)\n            E at java.lang.reflect.Method.invoke (None:-1)\n            E at org.openqa.selenium.support.events.EventFiringWebDriver$EventFiringWebElement$1.invoke\n            (EventFiringWebDriver.java:327)\n            E at $Proxy2.findElement (None:-1)\n            E at org.openqa.selenium.support.events.EventFiringWebDriver$EventFiringWebElement.findElement\n            (EventFiringWebDriver.java:398)\n            E at sun.reflect.GeneratedMethodAccessor23.invoke (None:-1)\n            E at sun.reflect.DelegatingMethodAccessorImpl.invoke (None:-1)\n            E at java.lang.reflect.Method.invoke (None:-1)\n            E at org.openqa.selenium.remote.server.KnownElements$1.invoke (KnownElements.java:63)\n            E at $Proxy3.findElement (None:-1)\n            E at org.openqa.selenium.remote.server.handler.FindChildElement.call (FindChildElement.java:43)\n            E at org.openqa.selenium.remote.server.handler.FindChildElement.call (FindChildElement.java:1)\n            E at java.util.concurrent.FutureTask$Sync.innerRun (None:-1)\n            E at java.util.concurrent.FutureTask.run (None:-1)\n            E at org.openqa.selenium.remote.server.DefaultSession$1.run (DefaultSession.java:169)\n            E at java.util.concurrent.ThreadPoolExecutor$Worker.runTask (None:-1)\n            E at java.util.concurrent.ThreadPoolExecutor$Worker.run (None:-1)\n            E at java.lang.Thread.run (None:-1)\n\n            .env/lib/python2.7/site-packages/selenium/webdriver/remote/errorhandler.py:164: NoSuchElementException\n        "
          }
        ],
        "passed": ["marketplace.dev.developer_hub", "marketplace.dev.developer_hub.saucelabs"],
        "test_name": "test_that_deletes_app"
      },
      {
        "skipped": {
          "jobs": ["marketplace.stage.developer_hub.saucelabs", "marketplace.dev.developer_hub", "marketplace.dev.developer_hub.saucelabs"],
          "result": "skipped",
          "detail": "expected test failure: Bug 960044 - [dev] IARC submissionID/secCode form fails + pingback\n            never comes on -dev\n        "
        },
        "all_passed": true,
        "environments": ["stage", "dev"],
        "classname": "tests.desktop.developer_hub.test_developer_hub.TestDeveloperHub",
        "failed": [],
        "passed": [],
        "test_name": "test_that_checks_that_manifest_url_cannot_be_edited_via_basic_info_for_a_free_app"
      },
      {
        "skipped": {},
        "all_passed": true,
        "environments": ["stage", "dev"],
        "classname": "tests.desktop.developer_hub.test_developer_hub.TestDeveloperHub",
        "failed": [],
        "passed": ["marketplace.stage.developer_hub.saucelabs", "marketplace.dev.developer_hub", "marketplace.dev.developer_hub.saucelabs"],
        "test_name": "test_that_a_screenshot_can_be_added"
      },
      {
        "skipped": {},
        "all_passed": true,
        "environments": ["dev", "prod", "stage"],
        "classname": "tests.desktop.consumer_pages.test_search.TestSearching",
        "failed": [],
        "passed": ["marketplace.dev.saucelabs", "marketplace.prod", "marketplace.stage.saucelabs", "marketplace.prod.saucelabs"],
        "test_name": "test_that_checks_search_with_foreign_characters"
      },
      {
        "skipped": {},
        "all_passed": true,
        "environments": ["dev", "stage"],
        "classname": "tests.desktop.consumer_pages.test_users_account.TestAccounts",
        "failed": [],
        "passed": ["marketplace.dev.saucelabs", "marketplace.stage.saucelabs"],
        "test_name": "test_create_new_user"
      },
      {
        "skipped": {
          "jobs": ["marketplace.stage.developer_hub.saucelabs", "marketplace.dev.developer_hub", "marketplace.dev.developer_hub.saucelabs"],
          "result": "skipped",
          "detail": "expected test failure: Bug 960044 - [dev] IARC submissionID/secCode form fails + pingback\n            never comes on -dev\n        "
        },
        "all_passed": true,
        "environments": ["stage", "dev"],
        "classname": "tests.desktop.developer_hub.test_developer_hub.TestDeveloperHub",
        "failed": [],
        "passed": [],
        "test_name": "test_that_checks_required_field_validations_on_device_types_for_hosted_apps"
      },
      {
        "skipped": {},
        "all_passed": true,
        "environments": ["dev", "prod", "stage"],
        "classname": "tests.desktop.consumer_pages.test_search.TestSearching",
        "failed": [],
        "passed": ["marketplace.dev.saucelabs", "marketplace.prod", "marketplace.stage.saucelabs", "marketplace.prod.saucelabs"],
        "test_name": "test_that_searching_with_empty_field_using_submit_returns_results"
      },
      {
        "skipped": {},
        "all_passed": true,
        "environments": ["dev", "prod", "stage"],
        "classname": "tests.desktop.consumer_pages.test_consumers_page.TestConsumerPage",
        "failed": [],
        "passed": ["marketplace.dev.saucelabs", "marketplace.prod", "marketplace.stage.saucelabs", "marketplace.prod.saucelabs"],
        "test_name": "test_that_verifies_categories_section"
      },
      {
        "skipped": {
          "jobs": ["marketplace.dev.saucelabs", "marketplace.prod", "marketplace.stage.saucelabs", "marketplace.prod.saucelabs"],
          "result": "skipped",
          "detail": "Sort not available yet.: /Users/Shared/Jenkins/Home/jobs/marketplace.dev.saucelabs/workspace/.env/lib/python2.7/site-packages/_pytest/skipping.py:120: Skipped: Sort not available yet."
        },
        "all_passed": true,
        "environments": ["dev", "prod", "stage"],
        "classname": "tests.desktop.consumer_pages.test_search.TestSearching",
        "failed": [],
        "passed": [],
        "test_name": "test_that_verifies_the_sort_region_from_search_results[Rating]"
      },
      {
        "skipped": {},
        "all_passed": true,
        "environments": ["stage", "dev"],
        "classname": "tests.desktop.developer_hub.test_developer_hub.TestDeveloperHub",
        "failed": [],
        "passed": ["marketplace.stage.developer_hub.saucelabs", "marketplace.dev.developer_hub", "marketplace.dev.developer_hub.saucelabs"],
        "test_name": "test_that_an_icon_cannot_be_added_via_an_invalid_file_format"
      },
      {
        "skipped": {},
        "all_passed": true,
        "environments": ["dev", "stage"],
        "classname": "tests.desktop.consumer_pages.test_reviews.TestReviews",
        "failed": [],
        "passed": ["marketplace.dev.saucelabs", "marketplace.stage.saucelabs"],
        "test_name": "test_that_checks_the_addition_of_a_review"
      },
      {
        "skipped": {
          "jobs": ["marketplace.stage.developer_hub.saucelabs", "marketplace.dev.developer_hub", "marketplace.dev.developer_hub.saucelabs"],
          "result": "skipped",
          "detail": "expected test failure: Bug 960044 - [dev] IARC submissionID/secCode form fails + pingback\n            never comes on -dev\n        "
        },
        "all_passed": true,
        "environments": ["stage", "dev"],
        "classname": "tests.desktop.developer_hub.test_developer_hub.TestDeveloperHub",
        "failed": [],
        "passed": [],
        "test_name": "test_packaged_app_submission"
      },
      {
        "skipped": {
          "jobs": ["marketplace.dev.saucelabs", "marketplace.prod", "marketplace.stage.saucelabs", "marketplace.prod.saucelabs"],
          "result": "skipped",
          "detail": "Sort not available yet.: /Users/Shared/Jenkins/Home/jobs/marketplace.dev.saucelabs/workspace/.env/lib/python2.7/site-packages/_pytest/skipping.py:120: Skipped: Sort not available yet."
        },
        "all_passed": true,
        "environments": ["dev", "prod", "stage"],
        "classname": "tests.desktop.consumer_pages.test_search.TestSearching",
        "failed": [],
        "passed": [],
        "test_name": "test_that_verifies_the_sort_region_from_search_results[Relevancy]"
      },
      {
        "skipped": {},
        "all_passed": true,
        "environments": ["stage", "dev"],
        "classname": "tests.desktop.developer_hub.test_developer_hub.TestDeveloperHub",
        "failed": [],
        "passed": ["marketplace.stage.developer_hub.saucelabs", "marketplace.dev.developer_hub", "marketplace.dev.developer_hub.saucelabs"],
        "test_name": "test_that_checks_apps_are_sorted_by_name"
      },
      {
        "skipped": {},
        "all_passed": true,
        "environments": ["stage", "dev"],
        "classname": "tests.desktop.developer_hub.test_developer_hub.TestDeveloperHub",
        "failed": [],
        "passed": ["marketplace.stage.developer_hub.saucelabs", "marketplace.dev.developer_hub", "marketplace.dev.developer_hub.saucelabs"],
        "test_name": "test_that_a_screenshot_cannot_be_added_via_an_invalid_file_format"
      },
      {
        "skipped": {
          "jobs": ["marketplace.stage.developer_hub.saucelabs", "marketplace.dev.developer_hub", "marketplace.dev.developer_hub.saucelabs"],
          "result": "skipped",
          "detail": "xfail-marked test passes unexpectedly: None"
        },
        "all_passed": true,
        "environments": ["stage", "dev"],
        "classname": "tests.desktop.developer_hub.test_developer_hub.TestDeveloperHub",
        "failed": [],
        "passed": [],
        "test_name": "test_hosted_paid_app_submission"
      },
      {
        "skipped": {
          "jobs": ["marketplace.dev.saucelabs", "marketplace.prod", "marketplace.stage.saucelabs", "marketplace.prod.saucelabs"],
          "result": "skipped",
          "detail": "Search suggestions not available yet.: /Users/Shared/Jenkins/Home/jobs/marketplace.dev.saucelabs/workspace/.env/lib/python2.7/site-packages/_pytest/skipping.py:120: Skipped: Search suggestions not available yet."
        },
        "all_passed": true,
        "environments": ["dev", "prod", "stage"],
        "classname": "tests.desktop.consumer_pages.test_search.TestSearching",
        "failed": [],
        "passed": [],
        "test_name": "test_that_verifies_the_search_suggestions_list_under_the_search_field"
      }
    ]
  }
]